[debug] [2024-06-04T18:42:27.252Z] ----------------------------------------------------------------------
[debug] [2024-06-04T18:42:27.254Z] Command:       C:\Program Files\nodejs\node.exe C:\Users\anupa\AppData\Roaming\npm\node_modules\firebase-tools\lib\bin\firebase.js init
[debug] [2024-06-04T18:42:27.254Z] CLI Version:   13.10.2
[debug] [2024-06-04T18:42:27.255Z] Platform:      win32
[debug] [2024-06-04T18:42:27.255Z] Node Version:  v18.16.1
[debug] [2024-06-04T18:42:27.255Z] Time:          Wed Jun 05 2024 00:12:27 GMT+0530 (India Standard Time)
[debug] [2024-06-04T18:42:27.256Z] ----------------------------------------------------------------------
[debug] 
[debug] [2024-06-04T18:42:27.261Z] > command requires scopes: ["email","openid","https://www.googleapis.com/auth/cloudplatformprojects.readonly","https://www.googleapis.com/auth/firebase","https://www.googleapis.com/auth/cloud-platform"]
[debug] [2024-06-04T18:42:27.262Z] > authorizing via signed-in user (karriku03@gmail.com)
[info] 
     ######## #### ########  ######## ########     ###     ######  ########
     ##        ##  ##     ## ##       ##     ##  ##   ##  ##       ##
     ######    ##  ########  ######   ########  #########  ######  ######
     ##        ##  ##    ##  ##       ##     ## ##     ##       ## ##
     ##       #### ##     ## ######## ########  ##     ##  ######  ########

You're about to initialize a Firebase project in this directory:

  C:\Users\anupa\alpha_2nd_Project\letswander

[info] 
=== Project Setup
[info] 
[info] First, let's associate this project directory with a Firebase project.
[info] You can create multiple project aliases by running firebase use --add, 
[info] but for now we'll just set up a default project.
[info] 
[debug] [2024-06-04T18:42:48.908Z] >>> [apiv2][query] GET https://firebase.googleapis.com/v1beta1/projects pageSize=100
[debug] [2024-06-04T18:42:50.120Z] <<< [apiv2][status] GET https://firebase.googleapis.com/v1beta1/projects 200
[debug] [2024-06-04T18:42:50.121Z] <<< [apiv2][body] GET https://firebase.googleapis.com/v1beta1/projects [omitted]
